\BOOKMARK [0][]{chapter*.1}{Acknowledgement}{}% 1
\BOOKMARK [0][]{chapter*.2}{Abstract}{}% 2
\BOOKMARK [0][]{chapter*.3}{Abstrakt}{}% 3
\BOOKMARK [0][]{chapter*.4}{Preamble}{}% 4
\BOOKMARK [0][]{toc.0}{Contents}{}% 5
\BOOKMARK [0][]{chapter*.11}{Introduction}{}% 6
\BOOKMARK [0][]{chapter.1}{Related Work}{}% 7
\BOOKMARK [1][]{section.1.1}{B-Mesh algorithm}{chapter.1}% 8
\BOOKMARK [1][]{section.1.2}{Skeleton to Quad Dominant Mesh algorithm}{chapter.1}% 9
\BOOKMARK [1][]{section.1.3}{Skeleton-based and interactive 3D modelling}{chapter.1}% 10
\BOOKMARK [0][]{chapter.2}{Proposed solution}{}% 11
\BOOKMARK [1][]{section.2.1}{Skeleton straightening}{chapter.2}% 12
\BOOKMARK [2][]{subsection.2.1.1}{Skinning matrices}{section.2.1}% 13
\BOOKMARK [1][]{section.2.2}{BNP generation}{chapter.2}% 14
\BOOKMARK [1][]{section.2.3}{BNP refinement}{chapter.2}% 15
\BOOKMARK [2][]{subsection.2.3.1}{Smoothing}{section.2.3}% 16
\BOOKMARK [1][]{section.2.4}{BNP joining}{chapter.2}% 17
\BOOKMARK [1][]{section.2.5}{Final vertex placement}{chapter.2}% 18
\BOOKMARK [1][]{section.2.6}{Ellipsoid Nodes}{chapter.2}% 19
\BOOKMARK [1][]{section.2.7}{Tessellation}{chapter.2}% 20
\BOOKMARK [1][]{section.2.8}{Capsule Ending}{chapter.2}% 21
\BOOKMARK [1][]{section.2.9}{Linear Skeletons}{chapter.2}% 22
\BOOKMARK [1][]{section.2.10}{Root That Is Not a Branch Node}{chapter.2}% 23
\BOOKMARK [1][]{section.2.11}{Cyclic Skeletons}{chapter.2}% 24
\BOOKMARK [0][]{chapter.3}{Implementation}{}% 25
\BOOKMARK [1][]{section.3.1}{Programming Language, IDE, Tools, and Libraries}{chapter.3}% 26
\BOOKMARK [1][]{section.3.2}{Classes}{chapter.3}% 27
\BOOKMARK [2][]{subsection.3.2.1}{Model}{section.3.2}% 28
\BOOKMARK [2][]{subsection.3.2.2}{View}{section.3.2}% 29
\BOOKMARK [2][]{subsection.3.2.3}{Controller}{section.3.2}% 30
\BOOKMARK [1][]{section.3.3}{GPU Shaders}{chapter.3}% 31
\BOOKMARK [2][]{subsection.3.3.1}{Skinning and Ellipsoid Nodes}{section.3.3}% 32
\BOOKMARK [2][]{subsection.3.3.2}{Tessellation and Smoothing}{section.3.3}% 33
\BOOKMARK [2][]{subsection.3.3.3}{One-pass Wire-frame}{section.3.3}% 34
\BOOKMARK [1][]{section.3.4}{Base Manifold Mesh Library}{chapter.3}% 35
\BOOKMARK [0][]{chapter.4}{Results}{}% 36
\BOOKMARK [0][]{chapter.5}{Conclusion}{}% 37
\BOOKMARK [0][]{appendix.A}{TeX}{}% 38
\BOOKMARK [0][]{toc.0}{Bibliography}{}% 39
